[LOG] System::create                           : Header version = 1.10.10. Current version = 1.10.10.
[LOG] Manager::init                            : maxchannels = 256 studioflags = 00000006 flags 00000000 extradriverdata 0000000000000000.
[LOG] SystemI::init                            : Initialize version=11010 (98815), maxchannels=256, flags=0x00020000
[LOG] SystemI::setOutputInternal               : Setting output to 'FMOD WASAPI Output'
[LOG] OutputWASAPI::init                       : Mix Format (WAVEFORMATEX): wFormatTag=0xFFFE, nChannels=2, nSamplesPerSec=48000, nAvgBytesPerSec=384000, nBlockAlign=8, wBitsPerSample=32, cbSize=22.
[LOG] OutputWASAPI::init                       : Mix Format (WAVEFORMATEXTENSIBLE): wValidBitsPerSample=32, dwChannelMask=0x00000003, SubFormat=00000003-0000-0010-8000-00AA00389B71.
[LOG] OutputWASAPI::init                       : Output buffer size: 4096 samples, latency: 0.00ms, period: 10.00ms, DSP buffer: 1024 * 4
[LOG] Thread::initThread                       : Init FMOD stream thread. Priority: 2, Stack Size: 65536, Semaphore: No, Sleep Time: 10, Looping: Yes.
[LOG] Thread::initThread                       : Init FMOD mixer thread. Priority: 3, Stack Size: 49152, Semaphore: No, Sleep Time: 0, Looping: Yes.
[LOG] AsyncManager::init                       : manager 00000000423B8D18 isAsync 0 updatePeriod 0.02
[LOG] AsyncManager::init                       : done
[LOG] PlaybackSystem::init                     : 
[LOG] Thread::initThread                       : Init FMOD Studio sample load thread. Priority: 0, Stack Size: 65536, Semaphore: No, Sleep Time: 1, Looping: No.
[LOG] PlaybackSystem::init                     : done
[LOG] Thread::initThread                       : Init FMOD Studio bank load thread. Priority: 0, Stack Size: 65536, Semaphore: No, Sleep Time: 1, Looping: No.
[LOG] Manager::init                            : done.
[LOG] Manager::readBank                        : fileversion = 100, compatVersion = 99 (oldest = 44, newest = 103)
[LOG] PlaybackSystem::acquireMasterBus         : Setting master channel group format to 6
[LOG] SystemI::createSoundInternal             : Create name='', mode=0x02000202
[LOG] SystemI::createSoundInternal             : exinfo->cbsize             = 232
[LOG] SystemI::createSoundInternal             : exinfo->length             = 11791712
[LOG] SystemI::createSoundInternal             : exinfo->fileoffset         = 67808
[LOG] SystemI::createSoundInternal             : exinfo->numsubsounds       = 1
[LOG] SystemI::createSoundInternal             : exinfo->inclusionlist      = 0000000062FCF5FC
[LOG] SystemI::createSoundInternal             : exinfo->inclusionlistnum   = 1
[LOG] SystemI::createSoundInternal             : exinfo->suggestedsoundtype = 5
[LOG] SystemI::createSoundInternal             : exinfo->useropen           = 00007FFF63331100
[LOG] SystemI::createSoundInternal             : exinfo->userclose          = 00007FFF633310D0
[LOG] SystemI::createSoundInternal             : exinfo->userread           = 00007FFF633311D0
[LOG] SystemI::createSoundInternal             : exinfo->userseek           = 00007FFF63331290
[LOG] SystemI::createSoundInternal             : exinfo->fileuserdata       = 00000000423B9C78
[LOG] SystemI::createSoundInternal             : exinfo->initialseekpostype = 1
[LOG] SystemI::DSPCodecPoolRegister            : register codec pool for pool type 5
[LOG] SystemI::createSoundInternal             : Sample 0/1: name='ISBANA_SJÖLEJON_04-V1 (1shot)', format=2, channels=2, frequency=48000, lengthbytes=61728, lengthpcm=256000, pcmblocksize=0, loopstart=0, loopend=0, mode=0x00000000, channelmask=0x00000000, channelorder=0, peakvolume=0.911033.
[LOG] SystemI::createSoundInternal             : Create name='', mode=0x02000202
[LOG] SystemI::createSoundInternal             : exinfo->cbsize             = 232
[LOG] SystemI::createSoundInternal             : exinfo->length             = 11791712
[LOG] SystemI::createSoundInternal             : exinfo->fileoffset         = 67808
[LOG] SystemI::createSoundInternal             : exinfo->numsubsounds       = 1
[LOG] SystemI::createSoundInternal             : exinfo->inclusionlist      = 0000000062FCF5FC
[LOG] SystemI::createSoundInternal             : exinfo->inclusionlistnum   = 1
[LOG] SystemI::createSoundInternal             : exinfo->suggestedsoundtype = 5
[LOG] SystemI::createSoundInternal             : exinfo->useropen           = 00007FFF63331100
[LOG] SystemI::createSoundInternal             : exinfo->userclose          = 00007FFF633310D0
[LOG] SystemI::createSoundInternal             : exinfo->userread           = 00007FFF633311D0
[LOG] SystemI::createSoundInternal             : exinfo->userseek           = 00007FFF63331290
[LOG] SystemI::createSoundInternal             : exinfo->fileuserdata       = 00000000423B9C78
[LOG] SystemI::createSoundInternal             : exinfo->initialseekpostype = 1
[LOG] SystemI::DSPCodecPoolRegister            : register codec pool for pool type 5
[LOG] SystemI::createSoundInternal             : Sample 0/1: name='Prototuta', format=2, channels=2, frequency=48000, lengthbytes=18176, lengthpcm=93722, pcmblocksize=0, loopstart=0, loopend=0, mode=0x00000000, channelmask=0x00000000, channelorder=0, peakvolume=0.480854.
[LOG] SystemI::createSoundInternal             : Create name='', mode=0x02000202
[LOG] SystemI::createSoundInternal             : exinfo->cbsize             = 232
[LOG] SystemI::createSoundInternal             : exinfo->length             = 11791712
[LOG] SystemI::createSoundInternal             : exinfo->fileoffset         = 67808
[LOG] SystemI::createSoundInternal             : exinfo->numsubsounds       = 1
[LOG] SystemI::createSoundInternal             : exinfo->inclusionlist      = 0000000062FCF5FC
[LOG] SystemI::createSoundInternal             : exinfo->inclusionlistnum   = 1
[LOG] SystemI::createSoundInternal             : exinfo->suggestedsoundtype = 5
[LOG] SystemI::createSoundInternal             : exinfo->useropen           = 00007FFF63331100
[LOG] SystemI::createSoundInternal             : exinfo->userclose          = 00007FFF633310D0
[LOG] SystemI::createSoundInternal             : exinfo->userread           = 00007FFF633311D0
[LOG] SystemI::createSoundInternal             : exinfo->userseek           = 00007FFF63331290
[LOG] SystemI::createSoundInternal             : exinfo->fileuserdata       = 00000000423B9C78
[LOG] SystemI::createSoundInternal             : exinfo->initialseekpostype = 1
[LOG] SystemI::DSPCodecPoolRegister            : register codec pool for pool type 5
[LOG] SystemI::createSoundInternal             : Sample 0/1: name='Örn Normalize', format=2, channels=2, frequency=48000, lengthbytes=40544, lengthpcm=150641, pcmblocksize=0, loopstart=0, loopend=0, mode=0x00000000, channelmask=0x00000000, channelorder=0, peakvolume=0.833801.
[LOG] SystemI::createSoundInternal             : Create name='', mode=0x02000202
[LOG] SystemI::createSoundInternal             : exinfo->cbsize             = 232
[LOG] SystemI::createSoundInternal             : exinfo->length             = 11791712
[LOG] SystemI::createSoundInternal             : exinfo->fileoffset         = 67808
[LOG] SystemI::createSoundInternal             : exinfo->numsubsounds       = 1
[LOG] SystemI::createSoundInternal             : exinfo->inclusionlist      = 0000000062FCF5FC
[LOG] SystemI::createSoundInternal             : exinfo->inclusionlistnum   = 1
[LOG] SystemI::createSoundInternal             : exinfo->suggestedsoundtype = 5
[LOG] SystemI::createSoundInternal             : exinfo->useropen           = 00007FFF63331100
[LOG] SystemI::createSoundInternal             : exinfo->userclose          = 00007FFF633310D0
[LOG] SystemI::createSoundInternal             : exinfo->userread           = 00007FFF633311D0
[LOG] SystemI::createSoundInternal             : exinfo->userseek           = 00007FFF63331290
[LOG] SystemI::createSoundInternal             : exinfo->fileuserdata       = 00000000423B9C78
[LOG] SystemI::createSoundInternal             : exinfo->initialseekpostype = 1
[LOG] SystemI::DSPCodecPoolRegister            : register codec pool for pool type 5
[LOG] SystemI::createSoundInternal             : Sample 0/1: name='Foghorn Normalize', format=2, channels=2, frequency=48000, lengthbytes=67456, lengthpcm=453856, pcmblocksize=0, loopstart=0, loopend=0, mode=0x00000000, channelmask=0x00000000, channelorder=0, peakvolume=0.912048.
[LOG] SystemI::createSound                     : filename = C:\Users\Martin\Documents\GitHub\AnimalRacerGame\AnimalThingy\Assets\Resources\Animal Racer FMOD\Build\Desktop\Master Bank.bank : mode 02010082
[LOG] SystemI::createSound                     : FMOD_NONBLOCKING specified.  Putting into queue to be opened asynchronously!
[LOG] Thread::initThread                       : Init FMOD nonblocking thread (0). Priority: 1, Stack Size: 81920, Semaphore: Yes, Sleep Time: 0, Looping: Yes.
[LOG] SystemI::createSound                     : setdata soundi = 0000000041C1E8B8 : node = 00000000120A5820
[LOG] SystemI::createSound                     : add node to async list : head = 0000000041A0E838.  list count = 0
[LOG] AsyncThread::threadFunc                  : Starting Asynchronous operation on sound 0000000041C1E8B8
[LOG] SystemI::createSoundInternal             :     Create name='C:\Users\Martin\Documents\GitHub\AnimalRacerGame\AnimalThingy\Assets\Resources\Animal Racer FMOD\Build\Desktop\Master Bank.bank', mode=0x02010082
[LOG] SystemI::createSoundInternal             :     exinfo->cbsize             = 232
[LOG] SystemI::createSoundInternal             :     exinfo->length             = 11791712
[LOG] SystemI::createSoundInternal             :     exinfo->fileoffset         = 67808
[LOG] SystemI::createSoundInternal             :     exinfo->numsubsounds       = 1
[LOG] SystemI::createSoundInternal             :     exinfo->inclusionlist      = 00000000120A5938
[LOG] SystemI::createSoundInternal             :     exinfo->inclusionlistnum   = 1
[LOG] SystemI::createSoundInternal             :     exinfo->suggestedsoundtype = 5
[LOG] SystemI::createSoundInternal             :     exinfo->initialseekpostype = 1
[LOG] SystemI::createSoundInternal             :     Stream 0/1: name='VindLoop_04_V1 [long] merged', format=2, channels=2, frequency=48000, lengthbytes=374560, lengthpcm=1536000, pcmblocksize=0, loopstart=0, loopend=0, mode=0x00000000, channelmask=0x00000000, channelorder=0, peakvolume=0.122097.
[LOG] Thread::initThread                       :     Init FMOD file thread. Priority: 1, Stack Size: 16384, Semaphore: No, Sleep Time: 10, Looping: Yes.
[LOG] AsyncThread::threadFunc                  : Finished Asynchronous operation on sound 0000000041C1E8B8
[LOG] SoundI::getSubSound                      : sound 0000000041C1E8B8.  Subsound index 0 / 1
[LOG] SystemI::createSound                     : filename = C:\Users\Martin\Documents\GitHub\AnimalRacerGame\AnimalThingy\Assets\Resources\Animal Racer FMOD\Build\Desktop\Master Bank.bank : mode 02010082
[LOG] SystemI::createSound                     : FMOD_NONBLOCKING specified.  Putting into queue to be opened asynchronously!
[LOG] SystemI::createSound                     : setdata soundi = 0000000042341168 : node = 0000000041F131C0
[LOG] SystemI::createSound                     : add node to async list : head = 0000000041A0E838.  list count = 0
[LOG] AsyncThread::threadFunc                  : Starting Asynchronous operation on sound 0000000042341168
[LOG] SystemI::createSoundInternal             :     Create name='C:\Users\Martin\Documents\GitHub\AnimalRacerGame\AnimalThingy\Assets\Resources\Animal Racer FMOD\Build\Desktop\Master Bank.bank', mode=0x02010082
[LOG] SystemI::createSoundInternal             :     exinfo->cbsize             = 232
[LOG] SystemI::createSoundInternal             :     exinfo->length             = 11791712
[LOG] SystemI::createSoundInternal             :     exinfo->fileoffset         = 67808
[LOG] SystemI::createSoundInternal             :     exinfo->numsubsounds       = 1
[LOG] SystemI::createSoundInternal             :     exinfo->inclusionlist      = 0000000041F132D8
[LOG] SystemI::createSoundInternal             :     exinfo->inclusionlistnum   = 1
[LOG] SystemI::createSoundInternal             :     exinfo->suggestedsoundtype = 5
[LOG] SystemI::createSoundInternal             :     exinfo->initialseekposition = 1500
[LOG] SystemI::createSoundInternal             :     exinfo->initialseekpostype = 1
[LOG] SystemI::createSoundInternal             :     Stream 0/1: name='Winter Stage 140bpm', format=2, channels=2, frequency=48000, lengthbytes=1654432, lengthpcm=5808000, pcmblocksize=0, loopstart=0, loopend=0, mode=0x00000000, channelmask=0x00000000, channelorder=0, peakvolume=0.559275.
[LOG] AsyncThread::threadFunc                  : Finished Asynchronous operation on sound 0000000042341168
[LOG] SoundI::getSubSound                      : sound 0000000042341168.  Subsound index 0 / 1
[LOG] SoundI::release                          :  (0000000042427EF8)
[LOG] SoundI::release                          :     Foghorn Normalize (0000000041A0D6A8)
[LOG] SoundI::release                          :  (0000000042427D88)
[LOG] SoundI::release                          :     Örn Normalize (0000000041BFD288)
[LOG] SoundI::release                          :  (0000000042427C18)
[LOG] SoundI::release                          :     ISBANA_SJÖLEJON_04-V1 (1shot) (0000000041BFE608)
[LOG] SoundI::release                          :  (00000000424284B8)
[LOG] SoundI::release                          :     Prototuta (0000000041BFCA68)
[LOG] SoundI::release                          : Winter Stage 140bpm (0000000042341168)
[LOG] SoundI::release                          :     Winter Stage 140bpm (000000001F243368)
[LOG] SoundI::release                          :     Winter Stage 140bpm (0000000041BADBF8)
[LOG] SoundI::release                          : VindLoop_04_V1 [long] merged (0000000041C1E8B8)
[LOG] SoundI::release                          :     VindLoop_04_V1 [long] merged (0000000041A0D848)
[LOG] SoundI::release                          :     VindLoop_04_V1 [long] merged (0000000042341828)
[LOG] Manager::readBank                        : fileversion = 100, compatVersion = 99 (oldest = 44, newest = 103)
[LOG] PlaybackSystem::acquireMasterBus         : Setting master channel group format to 6
[LOG] SystemI::createSoundInternal             : Create name='', mode=0x02000202
[LOG] SystemI::createSoundInternal             : exinfo->cbsize             = 232
[LOG] SystemI::createSoundInternal             : exinfo->length             = 11791712
[LOG] SystemI::createSoundInternal             : exinfo->fileoffset         = 67808
[LOG] SystemI::createSoundInternal             : exinfo->numsubsounds       = 1
[LOG] SystemI::createSoundInternal             : exinfo->inclusionlist      = 0000000062FCF5FC
[LOG] SystemI::createSoundInternal             : exinfo->inclusionlistnum   = 1
[LOG] SystemI::createSoundInternal             : exinfo->suggestedsoundtype = 5
[LOG] SystemI::createSoundInternal             : exinfo->useropen           = 00007FFF63331100
[LOG] SystemI::createSoundInternal             : exinfo->userclose          = 00007FFF633310D0
[LOG] SystemI::createSoundInternal             : exinfo->userread           = 00007FFF633311D0
[LOG] SystemI::createSoundInternal             : exinfo->userseek           = 00007FFF63331290
[LOG] SystemI::createSoundInternal             : exinfo->fileuserdata       = 000000001F27EC68
[LOG] SystemI::createSoundInternal             : exinfo->initialseekpostype = 1
[LOG] SystemI::DSPCodecPoolRegister            : register codec pool for pool type 5
[LOG] SystemI::createSoundInternal             : Sample 0/1: name='ISBANA_SJÖLEJON_04-V1 (1shot)', format=2, channels=2, frequency=48000, lengthbytes=61728, lengthpcm=256000, pcmblocksize=0, loopstart=0, loopend=0, mode=0x00000000, channelmask=0x00000000, channelorder=0, peakvolume=0.911033.
[LOG] SystemI::createSoundInternal             : Create name='', mode=0x02000202
[LOG] SystemI::createSoundInternal             : exinfo->cbsize             = 232
[LOG] SystemI::createSoundInternal             : exinfo->length             = 11791712
[LOG] SystemI::createSoundInternal             : exinfo->fileoffset         = 67808
[LOG] SystemI::createSoundInternal             : exinfo->numsubsounds       = 1
[LOG] SystemI::createSoundInternal             : exinfo->inclusionlist      = 0000000062FCF5FC
[LOG] SystemI::createSoundInternal             : exinfo->inclusionlistnum   = 1
[LOG] SystemI::createSoundInternal             : exinfo->suggestedsoundtype = 5
[LOG] SystemI::createSoundInternal             : exinfo->useropen           = 00007FFF63331100
[LOG] SystemI::createSoundInternal             : exinfo->userclose          = 00007FFF633310D0
[LOG] SystemI::createSoundInternal             : exinfo->userread           = 00007FFF633311D0
[LOG] SystemI::createSoundInternal             : exinfo->userseek           = 00007FFF63331290
[LOG] SystemI::createSoundInternal             : exinfo->fileuserdata       = 000000001F27EC68
[LOG] SystemI::createSoundInternal             : exinfo->initialseekpostype = 1
[LOG] SystemI::DSPCodecPoolRegister            : register codec pool for pool type 5
[LOG] SystemI::createSoundInternal             : Sample 0/1: name='Prototuta', format=2, channels=2, frequency=48000, lengthbytes=18176, lengthpcm=93722, pcmblocksize=0, loopstart=0, loopend=0, mode=0x00000000, channelmask=0x00000000, channelorder=0, peakvolume=0.480854.
[LOG] SystemI::createSoundInternal             : Create name='', mode=0x02000202
[LOG] SystemI::createSoundInternal             : exinfo->cbsize             = 232
[LOG] SystemI::createSoundInternal             : exinfo->length             = 11791712
[LOG] SystemI::createSoundInternal             : exinfo->fileoffset         = 67808
[LOG] SystemI::createSoundInternal             : exinfo->numsubsounds       = 1
[LOG] SystemI::createSoundInternal             : exinfo->inclusionlist      = 0000000062FCF5FC
[LOG] SystemI::createSoundInternal             : exinfo->inclusionlistnum   = 1
[LOG] SystemI::createSoundInternal             : exinfo->suggestedsoundtype = 5
[LOG] SystemI::createSoundInternal             : exinfo->useropen           = 00007FFF63331100
[LOG] SystemI::createSoundInternal             : exinfo->userclose          = 00007FFF633310D0
[LOG] SystemI::createSoundInternal             : exinfo->userread           = 00007FFF633311D0
[LOG] SystemI::createSoundInternal             : exinfo->userseek           = 00007FFF63331290
[LOG] SystemI::createSoundInternal             : exinfo->fileuserdata       = 000000001F27EC68
[LOG] SystemI::createSoundInternal             : exinfo->initialseekpostype = 1
[LOG] SystemI::DSPCodecPoolRegister            : register codec pool for pool type 5
[LOG] SystemI::createSoundInternal             : Sample 0/1: name='Örn Normalize', format=2, channels=2, frequency=48000, lengthbytes=40544, lengthpcm=150641, pcmblocksize=0, loopstart=0, loopend=0, mode=0x00000000, channelmask=0x00000000, channelorder=0, peakvolume=0.833801.
[LOG] SystemI::createSoundInternal             : Create name='', mode=0x02000202
[LOG] SystemI::createSoundInternal             : exinfo->cbsize             = 232
[LOG] SystemI::createSoundInternal             : exinfo->length             = 11791712
[LOG] SystemI::createSoundInternal             : exinfo->fileoffset         = 67808
[LOG] SystemI::createSoundInternal             : exinfo->numsubsounds       = 1
[LOG] SystemI::createSoundInternal             : exinfo->inclusionlist      = 0000000062FCF5FC
[LOG] SystemI::createSoundInternal             : exinfo->inclusionlistnum   = 1
[LOG] SystemI::createSoundInternal             : exinfo->suggestedsoundtype = 5
[LOG] SystemI::createSoundInternal             : exinfo->useropen           = 00007FFF63331100
[LOG] SystemI::createSoundInternal             : exinfo->userclose          = 00007FFF633310D0
[LOG] SystemI::createSoundInternal             : exinfo->userread           = 00007FFF633311D0
[LOG] SystemI::createSoundInternal             : exinfo->userseek           = 00007FFF63331290
[LOG] SystemI::createSoundInternal             : exinfo->fileuserdata       = 000000001F27EC68
[LOG] SystemI::createSoundInternal             : exinfo->initialseekpostype = 1
[LOG] SystemI::DSPCodecPoolRegister            : register codec pool for pool type 5
[LOG] SystemI::createSoundInternal             : Sample 0/1: name='Foghorn Normalize', format=2, channels=2, frequency=48000, lengthbytes=67456, lengthpcm=453856, pcmblocksize=0, loopstart=0, loopend=0, mode=0x00000000, channelmask=0x00000000, channelorder=0, peakvolume=0.912048.
[LOG] SystemI::createSound                     : filename = C:\Users\Martin\Documents\GitHub\AnimalRacerGame\AnimalThingy\Assets\Resources\Animal Racer FMOD\Build\Desktop\Master Bank.bank : mode 02010082
[LOG] SystemI::createSound                     : FMOD_NONBLOCKING specified.  Putting into queue to be opened asynchronously!
[LOG] SystemI::createSound                     : setdata soundi = 0000000041BADDA8 : node = 0000000041EEF1C0
[LOG] SystemI::createSound                     : add node to async list : head = 0000000041A0E838.  list count = 0
[LOG] AsyncThread::threadFunc                  : Starting Asynchronous operation on sound 0000000041BADDA8
[LOG] SystemI::createSoundInternal             :     Create name='C:\Users\Martin\Documents\GitHub\AnimalRacerGame\AnimalThingy\Assets\Resources\Animal Racer FMOD\Build\Desktop\Master Bank.bank', mode=0x02010082
[LOG] SystemI::createSoundInternal             :     exinfo->cbsize             = 232
[LOG] SystemI::createSoundInternal             :     exinfo->length             = 11791712
[LOG] SystemI::createSoundInternal             :     exinfo->fileoffset         = 67808
[LOG] SystemI::createSoundInternal             :     exinfo->numsubsounds       = 1
[LOG] SystemI::createSoundInternal             :     exinfo->inclusionlist      = 0000000041EEF2D8
[LOG] SystemI::createSoundInternal             :     exinfo->inclusionlistnum   = 1
[LOG] SystemI::createSoundInternal             :     exinfo->suggestedsoundtype = 5
[LOG] SystemI::createSoundInternal             :     exinfo->initialseekpostype = 1
[LOG] SystemI::createSoundInternal             :     Stream 0/1: name='VindLoop_04_V1 [long] merged', format=2, channels=2, frequency=48000, lengthbytes=374560, lengthpcm=1536000, pcmblocksize=0, loopstart=0, loopend=0, mode=0x00000000, channelmask=0x00000000, channelorder=0, peakvolume=0.122097.
[LOG] AsyncThread::threadFunc                  : Finished Asynchronous operation on sound 0000000041BADDA8
[LOG] SoundI::getSubSound                      : sound 0000000041BADDA8.  Subsound index 0 / 1
[LOG] SystemI::createSound                     : filename = C:\Users\Martin\Documents\GitHub\AnimalRacerGame\AnimalThingy\Assets\Resources\Animal Racer FMOD\Build\Desktop\Master Bank.bank : mode 02010082
[LOG] SystemI::createSound                     : FMOD_NONBLOCKING specified.  Putting into queue to be opened asynchronously!
[LOG] SystemI::createSound                     : setdata soundi = 00000000423414C8 : node = 000000003E678B30
[LOG] SystemI::createSound                     : add node to async list : head = 0000000041A0E838.  list count = 0
[LOG] AsyncThread::threadFunc                  : Starting Asynchronous operation on sound 00000000423414C8
[LOG] SystemI::createSoundInternal             :     Create name='C:\Users\Martin\Documents\GitHub\AnimalRacerGame\AnimalThingy\Assets\Resources\Animal Racer FMOD\Build\Desktop\Master Bank.bank', mode=0x02010082
[LOG] SystemI::createSoundInternal             :     exinfo->cbsize             = 232
[LOG] SystemI::createSoundInternal             :     exinfo->length             = 11791712
[LOG] SystemI::createSoundInternal             :     exinfo->fileoffset         = 67808
[LOG] SystemI::createSoundInternal             :     exinfo->numsubsounds       = 1
[LOG] SystemI::createSoundInternal             :     exinfo->inclusionlist      = 000000003E678C48
[LOG] SystemI::createSoundInternal             :     exinfo->inclusionlistnum   = 1
[LOG] SystemI::createSoundInternal             :     exinfo->suggestedsoundtype = 5
[LOG] SystemI::createSoundInternal             :     exinfo->initialseekposition = 1500
[LOG] SystemI::createSoundInternal             :     exinfo->initialseekpostype = 1
[LOG] SystemI::createSoundInternal             :     Stream 0/1: name='Winter Stage 140bpm', format=2, channels=2, frequency=48000, lengthbytes=1654432, lengthpcm=5808000, pcmblocksize=0, loopstart=0, loopend=0, mode=0x00000000, channelmask=0x00000000, channelorder=0, peakvolume=0.559275.
[LOG] AsyncThread::threadFunc                  : Finished Asynchronous operation on sound 00000000423414C8
[LOG] SoundI::getSubSound                      : sound 00000000423414C8.  Subsound index 0 / 1
[LOG] SoundI::release                          :  (0000000042427D88)
[LOG] SoundI::release                          :     Foghorn Normalize (0000000041BFE608)
[LOG] SoundI::release                          :  (00000000424284B8)
[LOG] SoundI::release                          :     Örn Normalize (0000000041BFD288)
[LOG] SoundI::release                          :  (0000000042427C18)
[LOG] SoundI::release                          :     ISBANA_SJÖLEJON_04-V1 (1shot) (000000001F244068)
[LOG] SoundI::release                          :  (0000000042427EF8)
[LOG] SoundI::release                          :     Prototuta (000000001F243368)
[LOG] SoundI::release                          : Winter Stage 140bpm (00000000423414C8)
[LOG] SoundI::release                          :     Winter Stage 140bpm (0000000041A0D848)
[LOG] SoundI::release                          :     Winter Stage 140bpm (0000000041BADBF8)
[LOG] SoundI::release                          : VindLoop_04_V1 [long] merged (0000000041BADDA8)
[LOG] SoundI::release                          :     VindLoop_04_V1 [long] merged (0000000041BFCA68)
[LOG] SoundI::release                          :     VindLoop_04_V1 [long] merged (0000000041BADF58)
[LOG] Thread::callback                         : FMOD Studio bank load thread finished.
[LOG] Thread::callback                         : FMOD Studio sample load thread finished.
[LOG] LiveUpdate::release                      : 
[LOG] LiveUpdate::reset                        : Reset connection (reason Disconnected)
[LOG] Thread::callback                         : FMOD stream thread finished.
[LOG] Thread::callback                         : FMOD mixer thread finished.
[LOG] Thread::callback                         : FMOD nonblocking thread (0) finished.
[LOG] Thread::callback                         : FMOD file thread finished.
[LOG] SystemI::close                           : Closed.
